1101000000000000
1101000100000000
1101001111111111
1101100001111111
0101100001111111
0101100000000010
0101001100000001
0000001110111000
1100000000110001
1101110100010000
1111110111101011
0000110101010011
0100010000001101
0000010111010100
1000010000011000
0001010111111111
1011010000000000
1100000000000100
1011010100000000
1100000000000010
1101110100000111
1111110100000000
0100111011001101
1101110100010000
1111110111101011
0000110101010011
0101110100000001
0100000000001101
1101110100010000
1111110111101011
0000110101010011
0101110100000010
0100000100001101
1101001100000000
0000001110011000
0000001101011000
0000001110110001
1100110100010010
1101110100010000
1111110111101011
0000110101010011
0000001011011101
1001001000000001
1101110100010000
1111110111101011
0000110101010011
0000010011011101
0000010001011000
0000010111010011
1001010100000001
0101001000000001
0101010100000001
0000010010110010
1100011011101100
0100110100000010
0100110101000101
1101110100110001
1111110100000000
0100111011001101
1101000000000000
1101110100000001
1111110100000000
0100111011001101
1101000000000000
1101110100010011
1111110111101000
0101111000000001
0100111001001101
1100111011110101
