1101000000000000
0000011011010000
1101011100010000
1101001000000000
1111001011010000
0000000000100000
1101110101010000
1111110111100101
0000110101010000
0000010111011101
1101000100111110
1111000100111111
0100000101000101
0101010100000001
1101011000000001
0000000000100000
1101000100000001
1101001100000000
0101000100000001
1011000100000000
1100000111111110
0101001100000001
1011001100011000
1100000111111011
1101110110010111
1111110100000001
0100111110001101
1011000100000000
1100000011110011
1011000100001000
1100000000001000
1011000100001010
1100000000010100
1111000100111111
0100000101000101
0101010100000001
0101011000000001
1100111011101010
0000000000100000
0000000000100000
1001010100000001
1001011000000001
1101110101010000
1111110111100101
0000110101010000
0000011111011101
0000011110110101
1100000011100000
0000000000100000
0100000001000101
0000000000100000
1100111011011100
0000101111010101
1101000100000000
1101110101010000
1111110111100101
0000110101010000
0000101011011101
0101101000000001
1101110110110111
1111110100000001
0000110101010000
0000101111011101
1101110101111000
1111110100000001
0100111110001101
1101110100100011
1111110100000010
0000110101010000
0000100111011101
0100110001001001
0000000000100000
0000000000100000
1101110101010000
1111110111100101
0000110101010000
0000101011011101
0101101000000001
1101110100000011
1111110100000010
0000110101010000
0000101111011101
1101110101111000
1111110100000001
0100111110001101
1101110100100100
1111110100000010
0000110101010000
0000100111011101
0100110001001001
0000000000100000
0000000000100000
1101110101010000
1111110111100101
0000110101010000
0000101011011101
0101101000000001
1101110111000111
1111110100000001
0000110101010000
0000101111011101
1101110101111000
1111110100000001
0100111110001101
1101110100100101
1111110100000010
0000110101010000
0000100111011101
0100110001001001
0000000000100000
0000000000100000
1101110101010000
1111110111100101
0000110101010000
0000101011011101
0101101000000001
1101110100011000
1111110100000010
0000110101010000
0000101111011101
1101110101111000
1111110100000001
0100111110001101
1101110100100110
1111110100000010
0000110101010000
0000100111011101
0100110001001001
0000000000100000
0000000000100000
1101101000000000
1101110101010000
1111110111100101
0000110101010000
0000010111011101
0000101111010101
1101000100000001
0101101101010000
1101100111000000
1111100100010010
1101110101010000
1111110111100101
0000110101010000
0000010111011101
0000010101010001
0100000001000101
0101000100000001
0000000110111001
1100000111111000
1101110100100011
1111110100000010
0000110101010000
0000101011011101
0100110000001010
0000000000100000
0000000000100000
0000110010110000
1100000101010011
1101110100100100
1111110100000010
0000110101010000
0000101011011101
0100110000001010
0000000000100000
0000000000100000
0000110010110000
1100000101011101
1101110100100101
1111110100000010
0000110101010000
0000101011011101
0100110000001010
0000000000100000
0000000000100000
0000110010110000
1100000100101110
1101110100100110
1111110100000010
0000110101010000
0000101011011101
0100110000001010
0000000000100000
0000000000100000
0000110010110000
1100000100010010
1101110110100100
1111110100000001
0000110101010000
0000101011011101
1101110101010000
1111110111100101
0000110101010000
0000101111011101
0101101101010000
1101000100000000
1101110101100100
1111110100000001
0100111110001101
0000000000100000
1101110100000110
1111110100000000
0100111011001101
0000000000100000
0000000000100000
1101110100001001
1111110100000010
0000110101010000
0000101011011101
1101110101010000
1111110111100101
0000110101010000
0000101111011101
0101101101010000
1101000100000000
1101110101100100
1111110100000001
0100111110001101
0000000000100000
1101110100000110
1111110100000000
0100111011001101
0000000000100000
0000000000100000
1101110110111010
1111110100000001
0000110101010000
0000101011011101
1101110101010000
1111110111100101
0000110101010000
0000101111011101
0101101101010000
1101000100000000
1101110101100100
1111110100000001
0100111110001101
0000000000100000
1101110100000110
1111110100000000
0100111011001101
0000000000100000
0000000000100000
1101110111001110
1111110100000001
0000110101010000
0000101011011101
1101110101010000
1111110111100101
0000110101010000
0000101111011101
0101101101010000
1101000100000000
1101110101100100
1111110100000001
0100111110001101
0000000000100000
1101110100000110
1111110100000000
0100111011001101
0000000000100000
0000000000100000
0000000000100000
1101101000000000
1101110101010000
1111110111100101
0000110101010000
0000011111011101
0101011101010000
1101000100000000
1101010100000000
0000000000100000
0000000000100000
0000101111010111
0101101000000001
0000000000100000
1101110101000110
1111110100000001
0100111110001101
1101000100000001
1101001100000000
0101000100000001
1011000100000000
1100000111111110
0101001100000001
1011001100011000
1100000111111011
1101000100000000
0000000000100000
0000000000100000
0101000100000001
0000000000100000
1011000101111111
1100000000001011
0000001111010001
0000001101010010
0100010000000011
0000000000100000
0000000000100000
0000000000100000
1011010000000000
1100000100000011
0000000000100000
1100111011110001
0000000000100000
0000000000100000
1011000100011011
1101110100000110
1111110100000000
0100000011001101
0000000000100000
0000000000100000
0000000000100000
1011000101111111
1100000100000101
0000000000100000
1101010100000000
0000000000100000
1100111011010001
0000000000100000
0000000000100000
1011010100000000
1100000111001101
1101010100000001
0101011101010000
1100111011001010
0000000000100000
0000000000100000
1101100011110000
1111100011111111
0000000000100000
1011100000000000
0100000011001111
0101100000000100
0000100111011010
1000100101001000
0001100100001111
1011100100001001
1100101000001000
1111100100111111
0101100100110000
0100100101001011
0000000000100000
0000000000100000
0101101100000001
1100111011110001
0000000000100000
0000000000100000
1111100100111111
0101100100110111
0100100101001011
0000000000100000
0000000000100000
0101101100000001
1100111011101000
0000000000100000
0000000000100000
0000000000100000
0100000100001010
0000000000100000
0000000000100000
1011000100000000
0100000011001111
0000000000100000
0000000000100000
1111000100111111
0000000000100000
0100000101001011
0000000000100000
0000000000100000
0000000000100000
0101101000000001
0101101100000001
1101000100000000
0000000000100000
1100111011101101
0000000000100000
1101110000000000
0000000000100000
0000000000100000
0100100000001010
0000000000100000
0000000000100000
0000000000100000
0000000000100000
0100100100001011
0000000000100000
0000000000100000
0000000000100000
0000000000100000
1111100000000000
1111100100000000
0000100110111000
0100000111001111
0000100100101000
0000100110110000
1100000000000101
0101101000000001
0101101100000001
0000000000100000
1100111011101010
0000000000100000
0000000000100000
1101110000000001
0000000000100000
0000000000100000
0100111011001111
0000000000100000
1101000100000000
0101000100000001
1011000101111111
1100000011111100
0000001111010001
0000001101010010
0100010000000011
0000000000100000
0000010010110000
1100000011111000
0100111011001111
0000000000110000
0000000000000000
0000000001000011
0000000001101111
0000000001101101
0000000001101101
0000000001100001
0000000001101110
0000000001100100
0000000000100000
0000000001001110
0000000001101111
0000000001110100
0000000000100000
0000000001000110
0000000001101111
0000000001110101
0000000001101110
0000000001100100
0000000000101110
0000000000000000
0000000001101100
0000000001110011
0000000000000000
0000000001001110
0000000001101111
0000000001110100
0000000000100000
0000000001100001
0000000001101100
0000000001101100
0000000001101111
0000000001110111
0000000001100101
0000000001100100
0000000000101110
0000000000000000
0000000001101011
0000000001100101
0000000001110010
0000000001101110
0000000001100101
0000000001101100
0000000000000000
0000000001101011
0000000001100101
0000000001110010
0000000001101110
0000000001100101
0000000001101100
0000000000100000
0000000000110000
0000000000110011
0000000001100110
0000000001100010
0000000000100000
0000000001111100
0000000000100000
0000000001101100
0000000001110011
0000000000100000
0000000000110000
0000000000110000
0000000001100001
0000000000110100
0000000000100000
0000000001111100
0000000000100000
0000000001100011
0000000001101100
0000000001101111
0000000001100011
0000000001101011
0000000000100000
0000000000110000
0000000000110000
0000000000110001
0000000000110111
0000000000100000
0000000001111100
0000000000100000
0000000001101000
0000000001100101
0000000001101100
0000000001101100
0000000001101111
0000000001110111
0000000001101111
0000000001110010
0000000001101100
0000000001100100
0000000000100000
0000000000110000
0000000000110000
0000000000110011
0000000000110100
0000000000000000
0000000001100011
0000000001101100
0000000001101111
0000000001100011
0000000001101011
0000000000000000
0000000001001000
0000000001100101
0000000001101100
0000000001101100
0000000001101111
0000000000100000
0000000001010111
0000000001101111
0000000001110010
0000000001101100
0000000001100100
0000000000100001
0000000000100001
0000000000100001
0000000000000000
0000000001101000
0000000001100101
0000000001101100
0000000001101100
0000000001101111
0000000001110111
0000000001101111
0000000001110010
0000000001101100
0000000001100100
0000000000000000
0000000000000000
0000000000000000
0000000000000000
0000000000000000
